<?xml version="1.0" encoding="UTF-8"?>
<!-- Generated by org.testng.reporters.JUnitReportReporter -->
<testsuite hostname="DESKTOP-OEAUDBD" failures="0" tests="4" name="TestNgBasics9" time="0.009" errors="0" timestamp="2025-08-07T13:25:10 IST" skipped="0">
  <testcase classname="TestNgBasics9" name="titleTest3" time="0.001"/>
  <testcase classname="TestNgBasics9" name="titleTest2" time="0.002"/>
  <testcase classname="TestNgBasics9" name="titleTest4" time="0.002"/>
  <testcase classname="TestNgBasics9" name="titleTest" time="0.004"/>
</testsuite> <!-- TestNgBasics9 -->
