<?xml version="1.0" encoding="UTF-8"?>
<!-- Generated by org.testng.reporters.JUnitReportReporter -->
<testsuite hostname="DESKTOP-OEAUDBD" failures="0" tests="1" name="TestNgBasics" time="0.002" errors="0" timestamp="2025-08-07T05:13:09 IST" skipped="0">
  <testcase classname="TestNgBasics" name="login" time="0.002"/>
</testsuite> <!-- TestNgBasics -->
